19-Feb-2025 14:48:19.943 INFO [main] org.apache.catalina.startup.VersionLoggerListener.log Server version name:   Apache Tomcat/11.0.3
19-Feb-2025 14:48:19.949 INFO [main] org.apache.catalina.startup.VersionLoggerListener.log Server built:          Feb 4 2025 17:40:20 UTC
19-Feb-2025 14:48:19.949 INFO [main] org.apache.catalina.startup.VersionLoggerListener.log Server version number: 11.0.3.0
19-Feb-2025 14:48:19.949 INFO [main] org.apache.catalina.startup.VersionLoggerListener.log OS Name:               Windows 11
19-Feb-2025 14:48:19.949 INFO [main] org.apache.catalina.startup.VersionLoggerListener.log OS Version:            10.0
19-Feb-2025 14:48:19.950 INFO [main] org.apache.catalina.startup.VersionLoggerListener.log Architecture:          amd64
19-Feb-2025 14:48:19.950 INFO [main] org.apache.catalina.startup.VersionLoggerListener.log Java Home:             C:\Program Files\Java\jdk-21
19-Feb-2025 14:48:19.950 INFO [main] org.apache.catalina.startup.VersionLoggerListener.log JVM Version:           21.0.5+9-LTS-239
19-Feb-2025 14:48:19.950 INFO [main] org.apache.catalina.startup.VersionLoggerListener.log JVM Vendor:            Oracle Corporation
19-Feb-2025 14:48:19.950 INFO [main] org.apache.catalina.startup.VersionLoggerListener.log CATALINA_BASE:         C:\Users\pc\Desktop\briefs\EduManager
19-Feb-2025 14:48:19.951 INFO [main] org.apache.catalina.startup.VersionLoggerListener.log CATALINA_HOME:         C:\Users\pc\Downloads\apache-tomcat-11.0.3-windows-x64\apache-tomcat-11.0.3
19-Feb-2025 14:48:19.964 INFO [main] org.apache.catalina.startup.VersionLoggerListener.log Command line argument: --add-opens=java.base/java.lang=ALL-UNNAMED
19-Feb-2025 14:48:19.964 INFO [main] org.apache.catalina.startup.VersionLoggerListener.log Command line argument: --add-opens=java.base/java.io=ALL-UNNAMED
19-Feb-2025 14:48:19.964 INFO [main] org.apache.catalina.startup.VersionLoggerListener.log Command line argument: --add-opens=java.base/java.util=ALL-UNNAMED
19-Feb-2025 14:48:19.964 INFO [main] org.apache.catalina.startup.VersionLoggerListener.log Command line argument: --add-opens=java.base/java.util.concurrent=ALL-UNNAMED
19-Feb-2025 14:48:19.964 INFO [main] org.apache.catalina.startup.VersionLoggerListener.log Command line argument: --add-opens=java.rmi/sun.rmi.transport=ALL-UNNAMED
19-Feb-2025 14:48:19.965 INFO [main] org.apache.catalina.startup.VersionLoggerListener.log Command line argument: -Dcatalina.home=C:\Users\pc\Downloads\apache-tomcat-11.0.3-windows-x64\apache-tomcat-11.0.3
19-Feb-2025 14:48:19.965 INFO [main] org.apache.catalina.startup.VersionLoggerListener.log Command line argument: -Dcatalina.base=C:\Users\pc\Desktop\briefs\EduManager
19-Feb-2025 14:48:19.965 INFO [main] org.apache.catalina.startup.VersionLoggerListener.log Command line argument: -Djava.io.tmpdir=C:\Users\pc\Desktop\briefs\EduManager\temp
19-Feb-2025 14:48:19.965 INFO [main] org.apache.catalina.startup.VersionLoggerListener.log Command line argument: -Djava.util.logging.config.file=C:\Users\pc\Desktop\briefs\EduManager\conf\logging.properties
19-Feb-2025 14:48:19.965 INFO [main] org.apache.catalina.startup.VersionLoggerListener.log Command line argument: -Djava.util.logging.manager=org.apache.juli.ClassLoaderLogManager
19-Feb-2025 14:48:19.965 INFO [main] org.apache.catalina.startup.VersionLoggerListener.log Command line argument: -javaagent:C:\Program Files\JetBrains\IntelliJ IDEA 2024.1.4\lib\idea_rt.jar=52743:C:\Program Files\JetBrains\IntelliJ IDEA 2024.1.4\bin
19-Feb-2025 14:48:19.966 INFO [main] org.apache.catalina.startup.VersionLoggerListener.log Command line argument: -Dfile.encoding=UTF-8
19-Feb-2025 14:48:19.966 INFO [main] org.apache.catalina.startup.VersionLoggerListener.log Command line argument: -Dsun.stdout.encoding=UTF-8
19-Feb-2025 14:48:19.967 INFO [main] org.apache.catalina.startup.VersionLoggerListener.log Command line argument: -Dsun.stderr.encoding=UTF-8
19-Feb-2025 14:48:19.974 INFO [main] org.apache.catalina.core.AprLifecycleListener.lifecycleEvent Loaded Apache Tomcat Native library [2.0.8] using APR version [1.7.4].
19-Feb-2025 14:48:19.996 INFO [main] org.apache.catalina.core.AprLifecycleListener.initializeSSL OpenSSL successfully initialized [OpenSSL 3.0.14 4 Jun 2024]
19-Feb-2025 14:48:20.445 INFO [main] org.apache.coyote.AbstractProtocol.init Initializing ProtocolHandler ["http-nio-8080"]
19-Feb-2025 14:48:20.472 INFO [main] org.apache.catalina.startup.Catalina.load Server initialization in [822] milliseconds
19-Feb-2025 14:48:20.536 INFO [main] org.apache.catalina.core.StandardService.startInternal Starting service [Catalina]
19-Feb-2025 14:48:20.537 INFO [main] org.apache.catalina.core.StandardEngine.startInternal Starting Servlet engine: [Apache Tomcat/11.0.3]
19-Feb-2025 14:48:20.550 INFO [main] org.apache.catalina.startup.HostConfig.deployDescriptor Deploying deployment descriptor [C:\Users\pc\Desktop\briefs\EduManager\conf\Catalina\localhost\ROOT.xml]
19-Feb-2025 14:48:21.683 INFO [main] org.apache.jasper.servlet.TldScanner.scanJars At least one JAR was scanned for TLDs yet contained no TLDs. Enable debug logging for this logger for a complete list of JARs that were scanned but no TLDs were found in them. Skipping unneeded JARs during scanning can improve startup time and JSP compilation time.
19-Feb-2025 14:48:21.751 INFO [main] org.apache.catalina.startup.HostConfig.deployDescriptor Deployment of deployment descriptor [C:\Users\pc\Desktop\briefs\EduManager\conf\Catalina\localhost\ROOT.xml] has finished in [1,200] ms
19-Feb-2025 14:48:21.754 INFO [main] org.apache.coyote.AbstractProtocol.start Starting ProtocolHandler ["http-nio-8080"]
19-Feb-2025 14:48:21.787 INFO [main] org.apache.catalina.startup.Catalina.start Server startup in [1313] milliseconds
19-Feb-2025 14:50:39.719 INFO [Thread-1] org.apache.coyote.AbstractProtocol.pause Pausing ProtocolHandler ["http-nio-8080"]
19-Feb-2025 14:50:39.738 INFO [Thread-1] org.apache.catalina.core.StandardService.stopInternal Stopping service [Catalina]
19-Feb-2025 14:50:39.751 INFO [Thread-1] org.apache.coyote.AbstractProtocol.stop Stopping ProtocolHandler ["http-nio-8080"]
19-Feb-2025 14:50:39.771 INFO [Thread-1] org.apache.coyote.AbstractProtocol.destroy Destroying ProtocolHandler ["http-nio-8080"]
